<?xml version="1.0" encoding="UTF-8"?>
<robot generator="Robot 7.4.2 (Python 3.13.7 on win32)" generated="2026-05-02T13:48:12.908239" rpa="false" schemaversion="5">
<suite id="s1" name="Login" source="D:\pfe\ci-cd-testing-project\Tests\login.robot">
<test id="s1-t1" name="Login Success Case" line="7">
<kw name="Open Login Page" owner="login">
<kw name="New Browser" owner="Browser">
<msg time="2026-05-02T13:48:13.135074" level="INFO">{"browser": "chromium", "headless": true, "chromiumSandbox": false, "devtools": false, "handleSIGHUP": true, "handleSIGINT": true, "handleSIGTERM": true, "slowMo": 0.0, "timeout": 30000.0, "tracesDir": "D:\\pfe\\ci-cd-testing-project\\browser\\traces\\temp\\516f231e-19f9-4f5d-b8b3-eac46bec38e1"}</msg>
<msg time="2026-05-02T13:48:13.157661" level="INFO">Starting Browser process C:\Users\dell\AppData\Roaming\Python\Python313\site-packages\Browser\wrapper\index.js using at 127.0.0.1:52907</msg>
<msg time="2026-05-02T13:48:14.281458" level="INFO">Successfully created browser with options: {"browser":"chromium","headless":true,"chromiumSandbox":false,"devtools":false,"handleSIGHUP":true,"handleSIGINT":true,"handleSIGTERM":true,"slowMo":0,"timeout":30000,"tracesDir":"D:\\pfe\\ci-cd-testing-project\\browser\\traces\\temp\\516f231e-19f9-4f5d-b8b3-eac46bec38e1"}</msg>
<arg>chromium</arg>
<tag>BrowserControl</tag>
<tag>Setter</tag>
<doc>Create a new playwright Browser with specified options.</doc>
<status status="PASS" start="2026-05-02T13:48:13.133913" elapsed="1.147872"/>
</kw>
<kw name="New Page" owner="Browser">
<msg time="2026-05-02T13:48:15.671052" level="INFO">Successfully initialized new page object and opened url: https://www.saucedemo.com/</msg>
<msg time="2026-05-02T13:48:15.671138" level="INFO">No context was open. New context was automatically opened when this page is created.</msg>
<arg>${URL}</arg>
<tag>BrowserControl</tag>
<tag>Setter</tag>
<doc>Open a new Page.</doc>
<status status="PASS" start="2026-05-02T13:48:14.282103" elapsed="1.389196"/>
</kw>
<status status="PASS" start="2026-05-02T13:48:13.133268" elapsed="2.538672"/>
</kw>
<kw name="Login" owner="login">
<kw name="Fill Text" owner="Browser">
<msg time="2026-05-02T13:48:15.674652" level="INFO">Fills the text 'standard_user' in the given field.</msg>
<arg>id=user-name</arg>
<arg>${username}</arg>
<tag>PageContent</tag>
<tag>Setter</tag>
<doc>Clears and fills the given ``txt`` into the text field found by ``selector``.</doc>
<status status="PASS" start="2026-05-02T13:48:15.673518" elapsed="0.059547"/>
</kw>
<kw name="Fill Text" owner="Browser">
<msg time="2026-05-02T13:48:15.734225" level="INFO">Fills the text 'wrong_password' in the given field.</msg>
<arg>id=password</arg>
<arg>${password}</arg>
<tag>PageContent</tag>
<tag>Setter</tag>
<doc>Clears and fills the given ``txt`` into the text field found by ``selector``.</doc>
<status status="PASS" start="2026-05-02T13:48:15.733283" elapsed="0.012727"/>
</kw>
<kw name="Click" owner="Browser">
<msg time="2026-05-02T13:48:15.746709" level="INFO">Clicks the element 'id=login-button'.</msg>
<arg>id=login-button</arg>
<tag>PageContent</tag>
<tag>Setter</tag>
<doc>Simulates mouse click on the element found by ``selector``.</doc>
<status status="PASS" start="2026-05-02T13:48:15.746208" elapsed="0.057967"/>
</kw>
<arg>standard_user</arg>
<arg>wrong_password</arg>
<status status="PASS" start="2026-05-02T13:48:15.672718" elapsed="0.131579"/>
</kw>
<kw name="Verify Login Success" owner="login">
<kw name="Get Text" owner="Browser">
<msg time="2026-05-02T13:48:25.855183" level="INFO" html="true">&lt;/td&gt;&lt;/tr&gt;&lt;tr&gt;&lt;td colspan="3"&gt;&lt;a href="browser/screenshot/fail-screenshot-1.png" target="_blank"&gt;&lt;img src="browser/screenshot/fail-screenshot-1.png" width="800px"/&gt;&lt;/a&gt;</msg>
<msg time="2026-05-02T13:48:25.855292" level="INFO">See also file:///D:/pfe/ci-cd-testing-project/playwright-log.txt for additional details.</msg>
<msg time="2026-05-02T13:48:25.855583" level="FAIL">TimeoutError: locator.elementHandle: Timeout 10000ms exceeded.
Call log:
  - waiting for locator('.title')
</msg>
<arg>css=.title</arg>
<arg>==</arg>
<arg>Products</arg>
<tag>Assertion</tag>
<tag>Getter</tag>
<tag>PageContent</tag>
<doc>Returns text attribute of the element found by ``selector``.</doc>
<status status="FAIL" start="2026-05-02T13:48:15.804898" elapsed="10.058319">TimeoutError: locator.elementHandle: Timeout 10000ms exceeded.
Call log:
  - waiting for locator('.title')
</status>
</kw>
<status status="FAIL" start="2026-05-02T13:48:15.804585" elapsed="10.058799">TimeoutError: locator.elementHandle: Timeout 10000ms exceeded.
Call log:
  - waiting for locator('.title')
</status>
</kw>
<kw name="Close Browser" owner="Browser">
<tag>BrowserControl</tag>
<tag>Setter</tag>
<doc>Closes the current browser.</doc>
<status status="NOT RUN" start="2026-05-02T13:48:25.863700" elapsed="0.000109"/>
</kw>
<msg time="2026-05-02T13:48:25.874901" level="INFO">Switching context to context=44e4af8e-ad61-44f7-9f14-f99f8e6ff5fd in CURRENT</msg>
<msg time="2026-05-02T13:48:25.880689" level="INFO">Successfully changed active context: context=44e4af8e-ad61-44f7-9f14-f99f8e6ff5fd</msg>
<msg time="2026-05-02T13:48:25.891266" level="INFO">Successfully closed Context</msg>
<status status="FAIL" start="2026-05-02T13:48:13.132592" elapsed="12.731476">TimeoutError: locator.elementHandle: Timeout 10000ms exceeded.
Call log:
  - waiting for locator('.title')
</status>
</test>
<test id="s1-t2" name="Login Failure Case" line="13">
<kw name="Open Login Page" owner="login">
<kw name="New Browser" owner="Browser">
<msg time="2026-05-02T13:48:25.899514" level="INFO">Switching browser to browser=266c2989-97e1-4cdb-ab29-e470a19c3ccf</msg>
<msg time="2026-05-02T13:48:25.901570" level="INFO">Successfully changed active browser: browser=266c2989-97e1-4cdb-ab29-e470a19c3ccf</msg>
<msg time="2026-05-02T13:48:25.901683" level="INFO">Reusing existing browser with id: browser=266c2989-97e1-4cdb-ab29-e470a19c3ccf</msg>
<arg>chromium</arg>
<tag>BrowserControl</tag>
<tag>Setter</tag>
<doc>Create a new playwright Browser with specified options.</doc>
<status status="PASS" start="2026-05-02T13:48:25.899046" elapsed="0.002704"/>
</kw>
<kw name="New Page" owner="Browser">
<msg time="2026-05-02T13:48:27.996478" level="INFO">Successfully initialized new page object and opened url: https://www.saucedemo.com/</msg>
<msg time="2026-05-02T13:48:27.996586" level="INFO">No context was open. New context was automatically opened when this page is created.</msg>
<arg>${URL}</arg>
<tag>BrowserControl</tag>
<tag>Setter</tag>
<doc>Open a new Page.</doc>
<status status="PASS" start="2026-05-02T13:48:25.901913" elapsed="2.094848"/>
</kw>
<status status="PASS" start="2026-05-02T13:48:25.898655" elapsed="2.098233"/>
</kw>
<kw name="Login" owner="login">
<kw name="Fill Text" owner="Browser">
<msg time="2026-05-02T13:48:27.998532" level="INFO">Fills the text 'locked_out_user' in the given field.</msg>
<arg>id=user-name</arg>
<arg>${username}</arg>
<tag>PageContent</tag>
<tag>Setter</tag>
<doc>Clears and fills the given ``txt`` into the text field found by ``selector``.</doc>
<status status="PASS" start="2026-05-02T13:48:27.997993" elapsed="0.032067"/>
</kw>
<kw name="Fill Text" owner="Browser">
<msg time="2026-05-02T13:48:28.030760" level="INFO">Fills the text 'secret_sauce' in the given field.</msg>
<arg>id=password</arg>
<arg>${password}</arg>
<tag>PageContent</tag>
<tag>Setter</tag>
<doc>Clears and fills the given ``txt`` into the text field found by ``selector``.</doc>
<status status="PASS" start="2026-05-02T13:48:28.030247" elapsed="0.008319"/>
</kw>
<kw name="Click" owner="Browser">
<msg time="2026-05-02T13:48:28.039349" level="INFO">Clicks the element 'id=login-button'.</msg>
<arg>id=login-button</arg>
<tag>PageContent</tag>
<tag>Setter</tag>
<doc>Simulates mouse click on the element found by ``selector``.</doc>
<status status="PASS" start="2026-05-02T13:48:28.038831" elapsed="0.045017"/>
</kw>
<arg>locked_out_user</arg>
<arg>secret_sauce</arg>
<status status="PASS" start="2026-05-02T13:48:27.997428" elapsed="0.086536"/>
</kw>
<kw name="Verify Login Error" owner="login">
<kw name="Get Text" owner="Browser">
<msg time="2026-05-02T13:48:28.112651" level="INFO">Text: 'Epic sadface: Sorry, this user has been locked out.'</msg>
<arg>css=h3</arg>
<arg>==</arg>
<arg>Epic sadface: Sorry, this user has been locked out.</arg>
<tag>Assertion</tag>
<tag>Getter</tag>
<tag>PageContent</tag>
<doc>Returns text attribute of the element found by ``selector``.</doc>
<status status="PASS" start="2026-05-02T13:48:28.084628" elapsed="0.028121"/>
</kw>
<status status="PASS" start="2026-05-02T13:48:28.084342" elapsed="0.028506"/>
</kw>
<kw name="Close Browser" owner="Browser">
<msg time="2026-05-02T13:48:28.162253" level="INFO">Closed browser</msg>
<tag>BrowserControl</tag>
<tag>Setter</tag>
<doc>Closes the current browser.</doc>
<status status="PASS" start="2026-05-02T13:48:28.113084" elapsed="0.049311"/>
</kw>
<status status="PASS" start="2026-05-02T13:48:25.893693" elapsed="2.268976"/>
</test>
<status status="FAIL" start="2026-05-02T13:48:12.909445" elapsed="15.256994"/>
</suite>
<statistics>
<total>
<stat pass="1" fail="1" skip="0">All Tests</stat>
</total>
<tag>
</tag>
<suite>
<stat name="Login" id="s1" pass="1" fail="1" skip="0">Login</stat>
</suite>
</statistics>
<errors>
</errors>
</robot>
